<?xml version="1.0" encoding="UTF-8"?><root>
	<my-tag>My Data</my-tag>
<Signature xmlns="http://www.w3.org/2000/09/xmldsig#"><SignedInfo><CanonicalizationMethod Algorithm="http://www.w3.org/TR/2001/REC-xml-c14n-20010315#WithComments"/><SignatureMethod Algorithm="http://www.w3.org/2000/09/xmldsig#rsa-sha1"/><Reference URI=""><Transforms><Transform Algorithm="http://www.w3.org/2000/09/xmldsig#enveloped-signature"/></Transforms><DigestMethod Algorithm="http://www.w3.org/2000/09/xmldsig#sha1"/><DigestValue>2oTQryPaqodno7SeYQjQSMIBiP0=</DigestValue></Reference></SignedInfo><SignatureValue>lmMv7jOzQUOxBYzOuN03wZRD26RvD8ApoIGRnfxpHgLynuyATxzeWkUl+8dP1kL1sEHISA64eQ15
MkURni6Wt4eDU3jLiGsbKGpUtfV3RR8M46Q5YAYgUuUqN05+5hgvMSUwyptWDJI5+DAqE0g+u+dT
j6361nP1he7PAmFlWTW+51fLuc/dB+/C/dPLenKHKXyjNRpuvzYXjWE8/kNtbLwm5NTPDv7lAS9d
YdmuQwGjh25UVgYkzj3C7oOFHEm+Bvqfea8LcU7lusRGZ8IF2HLm/5i0WrQ2ICFvApJkJjXO6st3
9VGnmu2AB/8WsFVvvSavJm+t25kqoqcjMHHPsQ==</SignatureValue><KeyInfo><X509Data><X509Certificate>MIIElTCCAn2gAwIBAgIIBT9pktCBJIowDQYJKoZIhvcNAQELBQAwTTEXMBUGA1UEAwwORFNTIFJv
b3QgQ0EgMTAxEDAOBgNVBAsMB1Rlc3RpbmcxEzARBgNVBAoMClNpZ25TZXJ2ZXIxCzAJBgNVBAYT
AlNFMB4XDTExMDUyNzA5NTAzN1oXDTIxMDUyNzA5NTAzN1owRzERMA8GA1UEAwwIU2lnbmVyIDIx
EDAOBgNVBAsMB1Rlc3RpbmcxEzARBgNVBAoMClNpZ25TZXJ2ZXIxCzAJBgNVBAYTAlNFMIIBIjAN
BgkqhkiG9w0BAQEFAAOCAQ8AMIIBCgKCAQEAokJJPVkPrn3a55rO6A3Bnbe0nfJR9IDSI8AmFhYE
BLoKfiavx0oMdbdDe+Dkwv78xBkgbj//2lhMCVmss90RzY+d0d0rg2SP8y/DsyxwriqCfuM7lnlg
vSHCYwoX8+uDM7zI53ykKVhqI3ttyFPa8RsjfFOIWqf39++sJUheW4j9x9rutf6qgtjxOYPQwDyg
T9cIVpM7ZehhqVYlcQZRsprMg55s2SN/a78krAW51msoIDgd9+zbsIvzuGqCspO3AN8b2m8tlHTl
A/E4+3OZkSqgpx8FSKIfbKUa866pRzptvcbL/wpFxYkyxqcB6o7CFnWbr3gUPpz8KjuY7ypMmwID
AQABo38wfTAdBgNVHQ4EFgQUSkR/B71idJmR8deZziBAqSzWzhMwDAYDVR0TAQH/BAIwADAfBgNV
HSMEGDAWgBQgeiHe6K27Aqj7cVikCWK52FgFojAOBgNVHQ8BAf8EBAMCBeAwHQYDVR0lBBYwFAYI
KwYBBQUHAwIGCCsGAQUFBwMEMA0GCSqGSIb3DQEBCwUAA4ICAQA+pQuI1QmZLdheCVmc+k1h53uI
v9pBnBKSbKn0/CVznmlPOpJIwwuzcLfCesa6gkG6BabHJwMrU/SpZuWurHxdEKe6fS/ngYnIjFI5
R0Kgl1czqq/tXDjGEpv2x0tZECqLFrkC7a+gjXJPE8TDj8nvi40pcKFvv2tbRiyYrIPIxefrXmkT
91F3zUKbQL0iW7Aot/0Klj+i4uivqFu359OymJ2C5wJOyZqPPsxUvTdA2EZNX4BseFvJREmvx1CA
gZkANZD4Qzn1b/0WrXfYsbWA4cBeTRR7vjGajBc/oGo2wki0dJksImU8b2dLEf3n3M9dfxiFEAnl
3YKDmT21wamO/hRdWklT+7Ivz6SFnW6HneT42IMNkC4k3d0i0Y2/q7XN5rvMFbH1n6O4NUqHIkzb
CtVljV6+XESmMseyJGKlY6RD7jnhEJq6dGPGSr5h6SAohYljs5Y1e/Dyg243sP75ZO7HfOYPd2Sp
+p5R5szWOuZp5UtLFBhuwlI41LnpuL+4t25LjNHoGhzZCl1rxqcSBGVKLG2sN0XVXfqrt/EykOAV
0WW+S72tRPI73eq0AeRJRRfzcZiequi694eP10Ehh/iiOpQ28yfhsWDvMIxu8o8oK+hpgQvCwecP
7rupdqM9OQYnePb53dd8Tt4hw4WhvSWC/9aNfFXc3jwbHVy5Rw==</X509Certificate><X509Certificate>MIIFfzCCA2egAwIBAgIIMk1BOK8CwTwwDQYJKoZIhvcNAQELBQAwTTEXMBUGA1UEAwwORFNTIFJv
b3QgQ0EgMTAxEDAOBgNVBAsMB1Rlc3RpbmcxEzARBgNVBAoMClNpZ25TZXJ2ZXIxCzAJBgNVBAYT
AlNFMB4XDTExMDUyNzA4MTQyN1oXDTM2MDUyNzA4MTQyN1owTTEXMBUGA1UEAwwORFNTIFJvb3Qg
Q0EgMTAxEDAOBgNVBAsMB1Rlc3RpbmcxEzARBgNVBAoMClNpZ25TZXJ2ZXIxCzAJBgNVBAYTAlNF
MIICIjANBgkqhkiG9w0BAQEFAAOCAg8AMIICCgKCAgEAgblgjTTkMp1QAhgWDprhvqE9zX1Ux/A/
RTOu4G4f6CTkd6JEEkbdKZv+CKv4cRoVCtfO3wnOokFRw/1JMmHHiQ1Z//uDoDjo8jk8nek0ArFE
9R5NT02wMJCQa/mP1wU9ZSl1tx3jQRUFB+rTNeCcPTft+1FL7UjYMdkRzl261IOlmXzDMA+EYIGJ
2c2wYhOv2DqfQygNz5GOf0EFqlQZIt/pzopSS+0K8mNb53ROhg9GJujwzugSH5Z+r0fsVHbCV0QU
kZBfkRo9KMcdaDEPa8xpYTjsFPqU6RcnGkVABhn8OS8SIWw2re1f+htj6p9EGbk1m0I9pWGBA9kt
WnrqlqDXV+tEhhh1O4f+LHieoxiscrF7RXxlYqyam6oabfXsX3VAC0M1UkwIciE8wA1Sj/+dgoSM
qvEDNDfwpEYt6l8Z8czDTWDi7MM2u5VY0nP3+A+PepKrOtrdaGSP396f4a7A3un1o6nQWHsyWQ7k
c8GIn8zN5nykQaghGyYlHHYe1XUSPtHmxjbdsyztrkIis3cfjFne0XgPAiQuYx3T/B+po9BhGIUw
CV0Qi/gWVN6NkydsbzMeRXELQYyK+lHgIGiEaBzQRRtXbnB+wQXi2IacJNdKqICwDsl/PvvcZI9Z
V6pB/KIzB+8IJm0CLY24K0OXJs3Bqij8gmpvbI+o0wUCAwEAAaNjMGEwHQYDVR0OBBYEFCB6Id7o
rbsCqPtxWKQJYrnYWAWiMA8GA1UdEwEB/wQFMAMBAf8wHwYDVR0jBBgwFoAUIHoh3uituwKo+3FY
pAliudhYBaIwDgYDVR0PAQH/BAQDAgGGMA0GCSqGSIb3DQEBCwUAA4ICAQAxFvpOZF6Kol48cQeK
WQ48VAe+h5dmyKMfDLDZX51IRzfKKsHLpFPxzGNw4t9Uv4YOR0CD9z81dR+c93t1lwwIpKbx9Qmq
8jViHEHKYD9FXThM+cVpsT25pg35m3ONeUX/b++l2d+2QNNTWMvdsCtaQdybZqbYFIk0IjPwLLqd
sA8Io60kuES4JnQahPdLkfm70rgAdmRDozOfSDaaWHY20DovkfvKUYjPR6MGAPD5w9dEb4wp/ZjA
TblyZnH+LTflwfftUAonmAw46E0Zgg143sO6RfOOnbwjXEc+KXd/KQ6kTQ560mlyRd6q7EIDYRfD
4n4agKV2R5gvVPhMD0+IK7kagqKNfWa9z8Ue2N3MedyWnb9wv4wC69qFndGaIfYADkUykoOyLsVV
teJ70PVJPXO7s66LucfD2R0wo2MpuOYCsTOm7HHS+uZ9VjHl2qQ0ZQG89Xn+AXnzPbk1INe2z0lq
3hzCW5DTYBKsJEexErzMpLwiEqUYJUfR9EeCM8UPMtLSqz1utdPoIYhULGzt5lSJEpMHMbquYfWJ
xQiKCbvfxQsP5dLUMEIqTgjNdo98OlM7Z7zjYH9Kimz3wgAKSAIoQZr7Oy1dMHO5GK4jBtZ8wgsy
yQ6DzQQ7R68XFVKarIW8SATeyubAP+WjdMwk/ZXzsDjMZEtENaBXzAefYA==</X509Certificate></X509Data></KeyInfo></Signature></root>